Arguments: 
  /Users/naderdabit/.fnm/node-versions/v18.14.0/installation/bin/node /var/folders/k3/k6wg86gs3n79388pg_4tf14c0000gn/T/fnm_multishells/76336_1675742636408/bin/yarn add @ethersproject

PATH: 
  /Users/naderdabit/.rbenv/shims:/var/folders/k3/k6wg86gs3n79388pg_4tf14c0000gn/T/fnm_multishells/76336_1675742636408/bin:/var/folders/k3/k6wg86gs3n79388pg_4tf14c0000gn/T/fnm_multishells/76317_1675742636388/bin:/Users/naderdabit/.fnm:/var/folders/k3/k6wg86gs3n79388pg_4tf14c0000gn/T/fnm_multishells/76302_1675742636368/bin:/Users/naderdabit/.radicle/bin:/Users/naderdabit/bin/solana/bin:/Users/naderdabit/.fuelup/bin:/opt/homebrew/bin:/usr/local/bin:/usr/bin:/bin:/usr/sbin:/sbin:/usr/local/go/bin:/Library/Apple/usr/bin:/Users/naderdabit/.cargo/bin:/Users/naderdabit/go/bin:/Users/naderdabit/.foundry/bin

Yarn version: 
  1.22.19

Node version: 
  18.14.0

Platform: 
  darwin x64

Trace: 
  Error: https://registry.yarnpkg.com/@ethersproject: Request "https://registry.yarnpkg.com/@ethersproject" returned a 405
      at params.callback [as _callback] (/Users/naderdabit/.fnm/node-versions/v18.14.0/installation/lib/node_modules/yarn/lib/cli.js:66154:18)
      at self.callback (/Users/naderdabit/.fnm/node-versions/v18.14.0/installation/lib/node_modules/yarn/lib/cli.js:140890:22)
      at Request.emit (node:events:513:28)
      at Request.<anonymous> (/Users/naderdabit/.fnm/node-versions/v18.14.0/installation/lib/node_modules/yarn/lib/cli.js:141862:10)
      at Request.emit (node:events:513:28)
      at IncomingMessage.<anonymous> (/Users/naderdabit/.fnm/node-versions/v18.14.0/installation/lib/node_modules/yarn/lib/cli.js:141784:12)
      at Object.onceWrapper (node:events:627:28)
      at IncomingMessage.emit (node:events:525:35)
      at endReadableNT (node:internal/streams/readable:1359:12)
      at process.processTicksAndRejections (node:internal/process/task_queues:82:21)

npm manifest: 
  {
    "name": "@lens-protocol/lens-widgets-react",
    "version": "0.0.1",
    "description": "React widgets to easily integrate Lens into your app",
    "main": "dist/index.js",
    "scripts": {
      "watch:ts": "npx tsc --watch"
    },
    "keywords": [],
    "author": "",
    "license": "ISC",
    "dependencies": {
      "@apollo/client": "^3.7.6",
      "@types/react": "^18.0.27",
      "ethers": "^5.7.2",
      "graphql": "^16.6.0",
      "react": "^18.2.0",
      "typescript": "^4.9.5"
    }
  }

yarn manifest: 
  No manifest

Lockfile: 
  # THIS IS AN AUTOGENERATED FILE. DO NOT EDIT THIS FILE DIRECTLY.
  # yarn lockfile v1
  
  
  "@apollo/client@^3.7.6":
    "integrity" "sha512-K0l8+wgcdVDjdgI8O2YuhX1CiQlavGuBp8HR/+PEbc2+jqM/BaVpL0g7YAuXrTW20np/MXHNRDxK20/ujF9hjA=="
    "resolved" "https://registry.npmjs.org/@apollo/client/-/client-3.7.6.tgz"
    "version" "3.7.6"
    dependencies:
      "@graphql-typed-document-node/core" "^3.1.1"
      "@wry/context" "^0.7.0"
      "@wry/equality" "^0.5.0"
      "@wry/trie" "^0.3.0"
      "graphql-tag" "^2.12.6"
      "hoist-non-react-statics" "^3.3.2"
      "optimism" "^0.16.1"
      "prop-types" "^15.7.2"
      "response-iterator" "^0.2.6"
      "symbol-observable" "^4.0.0"
      "ts-invariant" "^0.10.3"
      "tslib" "^2.3.0"
      "zen-observable-ts" "^1.2.5"
  
  "@ethersproject/abi@^5.7.0", "@ethersproject/abi@5.7.0":
    "integrity" "sha512-351ktp42TiRcYB3H1OP8yajPeAQstMW/yCFokj/AthP9bLHzQFPlOrxOcwYEDkUAICmOHljvN4K39OMTMUa9RA=="
    "resolved" "https://registry.npmjs.org/@ethersproject/abi/-/abi-5.7.0.tgz"
    "version" "5.7.0"
    dependencies:
      "@ethersproject/address" "^5.7.0"
      "@ethersproject/bignumber" "^5.7.0"
      "@ethersproject/bytes" "^5.7.0"
      "@ethersproject/constants" "^5.7.0"
      "@ethersproject/hash" "^5.7.0"
      "@ethersproject/keccak256" "^5.7.0"
      "@ethersproject/logger" "^5.7.0"
      "@ethersproject/properties" "^5.7.0"
      "@ethersproject/strings" "^5.7.0"
  
  "@ethersproject/abstract-provider@^5.7.0", "@ethersproject/abstract-provider@5.7.0":
    "integrity" "sha512-R41c9UkchKCpAqStMYUpdunjo3pkEvZC3FAwZn5S5MGbXoMQOHIdHItezTETxAO5bevtMApSyEhn9+CHcDsWBw=="
    "resolved" "https://registry.npmjs.org/@ethersproject/abstract-provider/-/abstract-provider-5.7.0.tgz"
    "version" "5.7.0"
    dependencies:
      "@ethersproject/bignumber" "^5.7.0"
      "@ethersproject/bytes" "^5.7.0"
      "@ethersproject/logger" "^5.7.0"
      "@ethersproject/networks" "^5.7.0"
      "@ethersproject/properties" "^5.7.0"
      "@ethersproject/transactions" "^5.7.0"
      "@ethersproject/web" "^5.7.0"
  
  "@ethersproject/abstract-signer@^5.7.0", "@ethersproject/abstract-signer@5.7.0":
    "integrity" "sha512-a16V8bq1/Cz+TGCkE2OPMTOUDLS3grCpdjoJCYNnVBbdYEMSgKrU0+B90s8b6H+ByYTBZN7a3g76jdIJi7UfKQ=="
    "resolved" "https://registry.npmjs.org/@ethersproject/abstract-signer/-/abstract-signer-5.7.0.tgz"
    "version" "5.7.0"
    dependencies:
      "@ethersproject/abstract-provider" "^5.7.0"
      "@ethersproject/bignumber" "^5.7.0"
      "@ethersproject/bytes" "^5.7.0"
      "@ethersproject/logger" "^5.7.0"
      "@ethersproject/properties" "^5.7.0"
  
  "@ethersproject/address@^5.7.0", "@ethersproject/address@5.7.0":
    "integrity" "sha512-9wYhYt7aghVGo758POM5nqcOMaE168Q6aRLJZwUmiqSrAungkG74gSSeKEIR7ukixesdRZGPgVqme6vmxs1fkA=="
    "resolved" "https://registry.npmjs.org/@ethersproject/address/-/address-5.7.0.tgz"
    "version" "5.7.0"
    dependencies:
      "@ethersproject/bignumber" "^5.7.0"
      "@ethersproject/bytes" "^5.7.0"
      "@ethersproject/keccak256" "^5.7.0"
      "@ethersproject/logger" "^5.7.0"
      "@ethersproject/rlp" "^5.7.0"
  
  "@ethersproject/base64@^5.7.0", "@ethersproject/base64@5.7.0":
    "integrity" "sha512-Dr8tcHt2mEbsZr/mwTPIQAf3Ai0Bks/7gTw9dSqk1mQvhW3XvRlmDJr/4n+wg1JmCl16NZue17CDh8xb/vZ0sQ=="
    "resolved" "https://registry.npmjs.org/@ethersproject/base64/-/base64-5.7.0.tgz"
    "version" "5.7.0"
    dependencies:
      "@ethersproject/bytes" "^5.7.0"
  
  "@ethersproject/basex@^5.7.0", "@ethersproject/basex@5.7.0":
    "integrity" "sha512-ywlh43GwZLv2Voc2gQVTKBoVQ1mti3d8HK5aMxsfu/nRDnMmNqaSJ3r3n85HBByT8OpoY96SXM1FogC533T4zw=="
    "resolved" "https://registry.npmjs.org/@ethersproject/basex/-/basex-5.7.0.tgz"
    "version" "5.7.0"
    dependencies:
      "@ethersproject/bytes" "^5.7.0"
      "@ethersproject/properties" "^5.7.0"
  
  "@ethersproject/bignumber@^5.7.0", "@ethersproject/bignumber@5.7.0":
    "integrity" "sha512-n1CAdIHRWjSucQO3MC1zPSVgV/6dy/fjL9pMrPP9peL+QxEg9wOsVqwD4+818B6LUEtaXzVHQiuivzRoxPxUGw=="
    "resolved" "https://registry.npmjs.org/@ethersproject/bignumber/-/bignumber-5.7.0.tgz"
    "version" "5.7.0"
    dependencies:
      "@ethersproject/bytes" "^5.7.0"
      "@ethersproject/logger" "^5.7.0"
      "bn.js" "^5.2.1"
  
  "@ethersproject/bytes@^5.7.0", "@ethersproject/bytes@5.7.0":
    "integrity" "sha512-nsbxwgFXWh9NyYWo+U8atvmMsSdKJprTcICAkvbBffT75qDocbuggBU0SJiVK2MuTrp0q+xvLkTnGMPK1+uA9A=="
    "resolved" "https://registry.npmjs.org/@ethersproject/bytes/-/bytes-5.7.0.tgz"
    "version" "5.7.0"
    dependencies:
      "@ethersproject/logger" "^5.7.0"
  
  "@ethersproject/constants@^5.7.0", "@ethersproject/constants@5.7.0":
    "integrity" "sha512-DHI+y5dBNvkpYUMiRQyxRBYBefZkJfo70VUkUAsRjcPs47muV9evftfZ0PJVCXYbAiCgght0DtcF9srFQmIgWA=="
    "resolved" "https://registry.npmjs.org/@ethersproject/constants/-/constants-5.7.0.tgz"
    "version" "5.7.0"
    dependencies:
      "@ethersproject/bignumber" "^5.7.0"
  
  "@ethersproject/contracts@5.7.0":
    "integrity" "sha512-5GJbzEU3X+d33CdfPhcyS+z8MzsTrBGk/sc+G+59+tPa9yFkl6HQ9D6L0QMgNTA9q8dT0XKxxkyp883XsQvbbg=="
    "resolved" "https://registry.npmjs.org/@ethersproject/contracts/-/contracts-5.7.0.tgz"
    "version" "5.7.0"
    dependencies:
      "@ethersproject/abi" "^5.7.0"
      "@ethersproject/abstract-provider" "^5.7.0"
      "@ethersproject/abstract-signer" "^5.7.0"
      "@ethersproject/address" "^5.7.0"
      "@ethersproject/bignumber" "^5.7.0"
      "@ethersproject/bytes" "^5.7.0"
      "@ethersproject/constants" "^5.7.0"
      "@ethersproject/logger" "^5.7.0"
      "@ethersproject/properties" "^5.7.0"
      "@ethersproject/transactions" "^5.7.0"
  
  "@ethersproject/hash@^5.7.0", "@ethersproject/hash@5.7.0":
    "integrity" "sha512-qX5WrQfnah1EFnO5zJv1v46a8HW0+E5xuBBDTwMFZLuVTx0tbU2kkx15NqdjxecrLGatQN9FGQKpb1FKdHCt+g=="
    "resolved" "https://registry.npmjs.org/@ethersproject/hash/-/hash-5.7.0.tgz"
    "version" "5.7.0"
    dependencies:
      "@ethersproject/abstract-signer" "^5.7.0"
      "@ethersproject/address" "^5.7.0"
      "@ethersproject/base64" "^5.7.0"
      "@ethersproject/bignumber" "^5.7.0"
      "@ethersproject/bytes" "^5.7.0"
      "@ethersproject/keccak256" "^5.7.0"
      "@ethersproject/logger" "^5.7.0"
      "@ethersproject/properties" "^5.7.0"
      "@ethersproject/strings" "^5.7.0"
  
  "@ethersproject/hdnode@^5.7.0", "@ethersproject/hdnode@5.7.0":
    "integrity" "sha512-OmyYo9EENBPPf4ERhR7oj6uAtUAhYGqOnIS+jE5pTXvdKBS99ikzq1E7Iv0ZQZ5V36Lqx1qZLeak0Ra16qpeOg=="
    "resolved" "https://registry.npmjs.org/@ethersproject/hdnode/-/hdnode-5.7.0.tgz"
    "version" "5.7.0"
    dependencies:
      "@ethersproject/abstract-signer" "^5.7.0"
      "@ethersproject/basex" "^5.7.0"
      "@ethersproject/bignumber" "^5.7.0"
      "@ethersproject/bytes" "^5.7.0"
      "@ethersproject/logger" "^5.7.0"
      "@ethersproject/pbkdf2" "^5.7.0"
      "@ethersproject/properties" "^5.7.0"
      "@ethersproject/sha2" "^5.7.0"
      "@ethersproject/signing-key" "^5.7.0"
      "@ethersproject/strings" "^5.7.0"
      "@ethersproject/transactions" "^5.7.0"
      "@ethersproject/wordlists" "^5.7.0"
  
  "@ethersproject/json-wallets@^5.7.0", "@ethersproject/json-wallets@5.7.0":
    "integrity" "sha512-8oee5Xgu6+RKgJTkvEMl2wDgSPSAQ9MB/3JYjFV9jlKvcYHUXZC+cQp0njgmxdHkYWn8s6/IqIZYm0YWCjO/0g=="
    "resolved" "https://registry.npmjs.org/@ethersproject/json-wallets/-/json-wallets-5.7.0.tgz"
    "version" "5.7.0"
    dependencies:
      "@ethersproject/abstract-signer" "^5.7.0"
      "@ethersproject/address" "^5.7.0"
      "@ethersproject/bytes" "^5.7.0"
      "@ethersproject/hdnode" "^5.7.0"
      "@ethersproject/keccak256" "^5.7.0"
      "@ethersproject/logger" "^5.7.0"
      "@ethersproject/pbkdf2" "^5.7.0"
      "@ethersproject/properties" "^5.7.0"
      "@ethersproject/random" "^5.7.0"
      "@ethersproject/strings" "^5.7.0"
      "@ethersproject/transactions" "^5.7.0"
      "aes-js" "3.0.0"
      "scrypt-js" "3.0.1"
  
  "@ethersproject/keccak256@^5.7.0", "@ethersproject/keccak256@5.7.0":
    "integrity" "sha512-2UcPboeL/iW+pSg6vZ6ydF8tCnv3Iu/8tUmLLzWWGzxWKFFqOBQFLo6uLUv6BDrLgCDfN28RJ/wtByx+jZ4KBg=="
    "resolved" "https://registry.npmjs.org/@ethersproject/keccak256/-/keccak256-5.7.0.tgz"
    "version" "5.7.0"
    dependencies:
      "@ethersproject/bytes" "^5.7.0"
      "js-sha3" "0.8.0"
  
  "@ethersproject/logger@^5.7.0", "@ethersproject/logger@5.7.0":
    "integrity" "sha512-0odtFdXu/XHtjQXJYA3u9G0G8btm0ND5Cu8M7i5vhEcE8/HmF4Lbdqanwyv4uQTr2tx6b7fQRmgLrsnpQlmnig=="
    "resolved" "https://registry.npmjs.org/@ethersproject/logger/-/logger-5.7.0.tgz"
    "version" "5.7.0"
  
  "@ethersproject/networks@^5.7.0", "@ethersproject/networks@5.7.1":
    "integrity" "sha512-n/MufjFYv3yFcUyfhnXotyDlNdFb7onmkSy8aQERi2PjNcnWQ66xXxa3XlS8nCcA8aJKJjIIMNJTC7tu80GwpQ=="
    "resolved" "https://registry.npmjs.org/@ethersproject/networks/-/networks-5.7.1.tgz"
    "version" "5.7.1"
    dependencies:
      "@ethersproject/logger" "^5.7.0"
  
  "@ethersproject/pbkdf2@^5.7.0", "@ethersproject/pbkdf2@5.7.0":
    "integrity" "sha512-oR/dBRZR6GTyaofd86DehG72hY6NpAjhabkhxgr3X2FpJtJuodEl2auADWBZfhDHgVCbu3/H/Ocq2uC6dpNjjw=="
    "resolved" "https://registry.npmjs.org/@ethersproject/pbkdf2/-/pbkdf2-5.7.0.tgz"
    "version" "5.7.0"
    dependencies:
      "@ethersproject/bytes" "^5.7.0"
      "@ethersproject/sha2" "^5.7.0"
  
  "@ethersproject/properties@^5.7.0", "@ethersproject/properties@5.7.0":
    "integrity" "sha512-J87jy8suntrAkIZtecpxEPxY//szqr1mlBaYlQ0r4RCaiD2hjheqF9s1LVE8vVuJCXisjIP+JgtK/Do54ej4Sw=="
    "resolved" "https://registry.npmjs.org/@ethersproject/properties/-/properties-5.7.0.tgz"
    "version" "5.7.0"
    dependencies:
      "@ethersproject/logger" "^5.7.0"
  
  "@ethersproject/providers@5.7.2":
    "integrity" "sha512-g34EWZ1WWAVgr4aptGlVBF8mhl3VWjv+8hoAnzStu8Ah22VHBsuGzP17eb6xDVRzw895G4W7vvx60lFFur/1Rg=="
    "resolved" "https://registry.npmjs.org/@ethersproject/providers/-/providers-5.7.2.tgz"
    "version" "5.7.2"
    dependencies:
      "@ethersproject/abstract-provider" "^5.7.0"
      "@ethersproject/abstract-signer" "^5.7.0"
      "@ethersproject/address" "^5.7.0"
      "@ethersproject/base64" "^5.7.0"
      "@ethersproject/basex" "^5.7.0"
      "@ethersproject/bignumber" "^5.7.0"
      "@ethersproject/bytes" "^5.7.0"
      "@ethersproject/constants" "^5.7.0"
      "@ethersproject/hash" "^5.7.0"
      "@ethersproject/logger" "^5.7.0"
      "@ethersproject/networks" "^5.7.0"
      "@ethersproject/properties" "^5.7.0"
      "@ethersproject/random" "^5.7.0"
      "@ethersproject/rlp" "^5.7.0"
      "@ethersproject/sha2" "^5.7.0"
      "@ethersproject/strings" "^5.7.0"
      "@ethersproject/transactions" "^5.7.0"
      "@ethersproject/web" "^5.7.0"
      "bech32" "1.1.4"
      "ws" "7.4.6"
  
  "@ethersproject/random@^5.7.0", "@ethersproject/random@5.7.0":
    "integrity" "sha512-19WjScqRA8IIeWclFme75VMXSBvi4e6InrUNuaR4s5pTF2qNhcGdCUwdxUVGtDDqC00sDLCO93jPQoDUH4HVmQ=="
    "resolved" "https://registry.npmjs.org/@ethersproject/random/-/random-5.7.0.tgz"
    "version" "5.7.0"
    dependencies:
      "@ethersproject/bytes" "^5.7.0"
      "@ethersproject/logger" "^5.7.0"
  
  "@ethersproject/rlp@^5.7.0", "@ethersproject/rlp@5.7.0":
    "integrity" "sha512-rBxzX2vK8mVF7b0Tol44t5Tb8gomOHkj5guL+HhzQ1yBh/ydjGnpw6at+X6Iw0Kp3OzzzkcKp8N9r0W4kYSs9w=="
    "resolved" "https://registry.npmjs.org/@ethersproject/rlp/-/rlp-5.7.0.tgz"
    "version" "5.7.0"
    dependencies:
      "@ethersproject/bytes" "^5.7.0"
      "@ethersproject/logger" "^5.7.0"
  
  "@ethersproject/sha2@^5.7.0", "@ethersproject/sha2@5.7.0":
    "integrity" "sha512-gKlH42riwb3KYp0reLsFTokByAKoJdgFCwI+CCiX/k+Jm2mbNs6oOaCjYQSlI1+XBVejwH2KrmCbMAT/GnRDQw=="
    "resolved" "https://registry.npmjs.org/@ethersproject/sha2/-/sha2-5.7.0.tgz"
    "version" "5.7.0"
    dependencies:
      "@ethersproject/bytes" "^5.7.0"
      "@ethersproject/logger" "^5.7.0"
      "hash.js" "1.1.7"
  
  "@ethersproject/signing-key@^5.7.0", "@ethersproject/signing-key@5.7.0":
    "integrity" "sha512-MZdy2nL3wO0u7gkB4nA/pEf8lu1TlFswPNmy8AiYkfKTdO6eXBJyUdmHO/ehm/htHw9K/qF8ujnTyUAD+Ry54Q=="
    "resolved" "https://registry.npmjs.org/@ethersproject/signing-key/-/signing-key-5.7.0.tgz"
    "version" "5.7.0"
    dependencies:
      "@ethersproject/bytes" "^5.7.0"
      "@ethersproject/logger" "^5.7.0"
      "@ethersproject/properties" "^5.7.0"
      "bn.js" "^5.2.1"
      "elliptic" "6.5.4"
      "hash.js" "1.1.7"
  
  "@ethersproject/solidity@5.7.0":
    "integrity" "sha512-HmabMd2Dt/raavyaGukF4XxizWKhKQ24DoLtdNbBmNKUOPqwjsKQSdV9GQtj9CBEea9DlzETlVER1gYeXXBGaA=="
    "resolved" "https://registry.npmjs.org/@ethersproject/solidity/-/solidity-5.7.0.tgz"
    "version" "5.7.0"
    dependencies:
      "@ethersproject/bignumber" "^5.7.0"
      "@ethersproject/bytes" "^5.7.0"
      "@ethersproject/keccak256" "^5.7.0"
      "@ethersproject/logger" "^5.7.0"
      "@ethersproject/sha2" "^5.7.0"
      "@ethersproject/strings" "^5.7.0"
  
  "@ethersproject/strings@^5.7.0", "@ethersproject/strings@5.7.0":
    "integrity" "sha512-/9nu+lj0YswRNSH0NXYqrh8775XNyEdUQAuf3f+SmOrnVewcJ5SBNAjF7lpgehKi4abvNNXyf+HX86czCdJ8Mg=="
    "resolved" "https://registry.npmjs.org/@ethersproject/strings/-/strings-5.7.0.tgz"
    "version" "5.7.0"
    dependencies:
      "@ethersproject/bytes" "^5.7.0"
      "@ethersproject/constants" "^5.7.0"
      "@ethersproject/logger" "^5.7.0"
  
  "@ethersproject/transactions@^5.7.0", "@ethersproject/transactions@5.7.0":
    "integrity" "sha512-kmcNicCp1lp8qanMTC3RIikGgoJ80ztTyvtsFvCYpSCfkjhD0jZ2LOrnbcuxuToLIUYYf+4XwD1rP+B/erDIhQ=="
    "resolved" "https://registry.npmjs.org/@ethersproject/transactions/-/transactions-5.7.0.tgz"
    "version" "5.7.0"
    dependencies:
      "@ethersproject/address" "^5.7.0"
      "@ethersproject/bignumber" "^5.7.0"
      "@ethersproject/bytes" "^5.7.0"
      "@ethersproject/constants" "^5.7.0"
      "@ethersproject/keccak256" "^5.7.0"
      "@ethersproject/logger" "^5.7.0"
      "@ethersproject/properties" "^5.7.0"
      "@ethersproject/rlp" "^5.7.0"
      "@ethersproject/signing-key" "^5.7.0"
  
  "@ethersproject/units@5.7.0":
    "integrity" "sha512-pD3xLMy3SJu9kG5xDGI7+xhTEmGXlEqXU4OfNapmfnxLVY4EMSSRp7j1k7eezutBPH7RBN/7QPnwR7hzNlEFeg=="
    "resolved" "https://registry.npmjs.org/@ethersproject/units/-/units-5.7.0.tgz"
    "version" "5.7.0"
    dependencies:
      "@ethersproject/bignumber" "^5.7.0"
      "@ethersproject/constants" "^5.7.0"
      "@ethersproject/logger" "^5.7.0"
  
  "@ethersproject/wallet@5.7.0":
    "integrity" "sha512-MhmXlJXEJFBFVKrDLB4ZdDzxcBxQ3rLyCkhNqVu3CDYvR97E+8r01UgrI+TI99Le+aYm/in/0vp86guJuM7FCA=="
    "resolved" "https://registry.npmjs.org/@ethersproject/wallet/-/wallet-5.7.0.tgz"
    "version" "5.7.0"
    dependencies:
      "@ethersproject/abstract-provider" "^5.7.0"
      "@ethersproject/abstract-signer" "^5.7.0"
      "@ethersproject/address" "^5.7.0"
      "@ethersproject/bignumber" "^5.7.0"
      "@ethersproject/bytes" "^5.7.0"
      "@ethersproject/hash" "^5.7.0"
      "@ethersproject/hdnode" "^5.7.0"
      "@ethersproject/json-wallets" "^5.7.0"
      "@ethersproject/keccak256" "^5.7.0"
      "@ethersproject/logger" "^5.7.0"
      "@ethersproject/properties" "^5.7.0"
      "@ethersproject/random" "^5.7.0"
      "@ethersproject/signing-key" "^5.7.0"
      "@ethersproject/transactions" "^5.7.0"
      "@ethersproject/wordlists" "^5.7.0"
  
  "@ethersproject/web@^5.7.0", "@ethersproject/web@5.7.1":
    "integrity" "sha512-Gueu8lSvyjBWL4cYsWsjh6MtMwM0+H4HvqFPZfB6dV8ctbP9zFAO73VG1cMWae0FLPCtz0peKPpZY8/ugJJX2w=="
    "resolved" "https://registry.npmjs.org/@ethersproject/web/-/web-5.7.1.tgz"
    "version" "5.7.1"
    dependencies:
      "@ethersproject/base64" "^5.7.0"
      "@ethersproject/bytes" "^5.7.0"
      "@ethersproject/logger" "^5.7.0"
      "@ethersproject/properties" "^5.7.0"
      "@ethersproject/strings" "^5.7.0"
  
  "@ethersproject/wordlists@^5.7.0", "@ethersproject/wordlists@5.7.0":
    "integrity" "sha512-S2TFNJNfHWVHNE6cNDjbVlZ6MgE17MIxMbMg2zv3wn+3XSJGosL1m9ZVv3GXCf/2ymSsQ+hRI5IzoMJTG6aoVA=="
    "resolved" "https://registry.npmjs.org/@ethersproject/wordlists/-/wordlists-5.7.0.tgz"
    "version" "5.7.0"
    dependencies:
      "@ethersproject/bytes" "^5.7.0"
      "@ethersproject/hash" "^5.7.0"
      "@ethersproject/logger" "^5.7.0"
      "@ethersproject/properties" "^5.7.0"
      "@ethersproject/strings" "^5.7.0"
  
  "@graphql-typed-document-node/core@^3.1.1":
    "integrity" "sha512-NQ17ii0rK1b34VZonlmT2QMJFI70m0TRwbknO/ihlbatXyaktDhN/98vBiUU6kNBPljqGqyIrl2T4nY2RpFANg=="
    "resolved" "https://registry.npmjs.org/@graphql-typed-document-node/core/-/core-3.1.1.tgz"
    "version" "3.1.1"
  
  "@lens-protocol/lens-widgets-react@file:":
    "resolved" "file:"
    "version" "0.0.1"
    dependencies:
      "@apollo/client" "^3.7.6"
      "@lens-protocol/lens-widgets-react" "file:"
      "@types/react" "^18.0.27"
      "ethers" "^5.7.2"
      "graphql" "^16.6.0"
      "react" "^18.2.0"
      "typescript" "^4.9.5"
  
  "@types/prop-types@*":
    "integrity" "sha512-JCB8C6SnDoQf0cNycqd/35A7MjcnK+ZTqE7judS6o7utxUCg6imJg3QK2qzHKszlTjcj2cn+NwMB2i96ubpj7w=="
    "resolved" "https://registry.npmjs.org/@types/prop-types/-/prop-types-15.7.5.tgz"
    "version" "15.7.5"
  
  "@types/react@^18.0.27":
    "integrity" "sha512-3vtRKHgVxu3Jp9t718R9BuzoD4NcQ8YJ5XRzsSKxNDiDonD2MXIT1TmSkenxuCycZJoQT5d2vE8LwWJxBC1gmA=="
    "resolved" "https://registry.npmjs.org/@types/react/-/react-18.0.27.tgz"
    "version" "18.0.27"
    dependencies:
      "@types/prop-types" "*"
      "@types/scheduler" "*"
      "csstype" "^3.0.2"
  
  "@types/scheduler@*":
    "integrity" "sha512-hppQEBDmlwhFAXKJX2KnWLYu5yMfi91yazPb2l+lbJiwW+wdo1gNeRA+3RgNSO39WYX2euey41KEwnqesU2Jew=="
    "resolved" "https://registry.npmjs.org/@types/scheduler/-/scheduler-0.16.2.tgz"
    "version" "0.16.2"
  
  "@wry/context@^0.7.0":
    "integrity" "sha512-LcDAiYWRtwAoSOArfk7cuYvFXytxfVrdX7yxoUmK7pPITLk5jYh2F8knCwS7LjgYL8u1eidPlKKV6Ikqq0ODqQ=="
    "resolved" "https://registry.npmjs.org/@wry/context/-/context-0.7.0.tgz"
    "version" "0.7.0"
    dependencies:
      "tslib" "^2.3.0"
  
  "@wry/equality@^0.5.0":
    "integrity" "sha512-avR+UXdSrsF2v8vIqIgmeTY0UR91UT+IyablCyKe/uk22uOJ8fusKZnH9JH9e1/EtLeNJBtagNmL3eJdnOV53g=="
    "resolved" "https://registry.npmjs.org/@wry/equality/-/equality-0.5.3.tgz"
    "version" "0.5.3"
    dependencies:
      "tslib" "^2.3.0"
  
  "@wry/trie@^0.3.0":
    "integrity" "sha512-yRTyhWSls2OY/pYLfwff867r8ekooZ4UI+/gxot5Wj8EFwSf2rG+n+Mo/6LoLQm1TKA4GRj2+LCpbfS937dClQ=="
    "resolved" "https://registry.npmjs.org/@wry/trie/-/trie-0.3.2.tgz"
    "version" "0.3.2"
    dependencies:
      "tslib" "^2.3.0"
  
  "aes-js@3.0.0":
    "integrity" "sha512-H7wUZRn8WpTq9jocdxQ2c8x2sKo9ZVmzfRE13GiNJXfp7NcKYEdvl3vspKjXox6RIG2VtaRe4JFvxG4rqp2Zuw=="
    "resolved" "https://registry.npmjs.org/aes-js/-/aes-js-3.0.0.tgz"
    "version" "3.0.0"
  
  "bech32@1.1.4":
    "integrity" "sha512-s0IrSOzLlbvX7yp4WBfPITzpAU8sqQcpsmwXDiKwrG4r491vwCO/XpejasRNl0piBMe/DvP4Tz0mIS/X1DPJBQ=="
    "resolved" "https://registry.npmjs.org/bech32/-/bech32-1.1.4.tgz"
    "version" "1.1.4"
  
  "bn.js@^4.11.9":
    "integrity" "sha512-c98Bf3tPniI+scsdk237ku1Dc3ujXQTSgyiPUDEOe7tRkhrqridvh8klBv0HCEso1OLOYcHuCv/cS6DNxKH+ZA=="
    "resolved" "https://registry.npmjs.org/bn.js/-/bn.js-4.12.0.tgz"
    "version" "4.12.0"
  
  "bn.js@^5.2.1":
    "integrity" "sha512-eXRvHzWyYPBuB4NBy0cmYQjGitUrtqwbvlzP3G6VFnNRbsZQIxQ10PbKKHt8gZ/HW/D/747aDl+QkDqg3KQLMQ=="
    "resolved" "https://registry.npmjs.org/bn.js/-/bn.js-5.2.1.tgz"
    "version" "5.2.1"
  
  "brorand@^1.1.0":
    "integrity" "sha512-cKV8tMCEpQs4hK/ik71d6LrPOnpkpGBR0wzxqr68g2m/LB2GxVYQroAjMJZRVM1Y4BCjCKc3vAamxSzOY2RP+w=="
    "resolved" "https://registry.npmjs.org/brorand/-/brorand-1.1.0.tgz"
    "version" "1.1.0"
  
  "csstype@^3.0.2":
    "integrity" "sha512-DJR/VvkAvSZW9bTouZue2sSxDwdTN92uHjqeKVm+0dAqdfNykRzQ95tay8aXMBAAPpUiq4Qcug2L7neoRh2Egw=="
    "resolved" "https://registry.npmjs.org/csstype/-/csstype-3.1.1.tgz"
    "version" "3.1.1"
  
  "elliptic@6.5.4":
    "integrity" "sha512-iLhC6ULemrljPZb+QutR5TQGB+pdW6KGD5RSegS+8sorOZT+rdQFbsQFJgvN3eRqNALqJer4oQ16YvJHlU8hzQ=="
    "resolved" "https://registry.npmjs.org/elliptic/-/elliptic-6.5.4.tgz"
    "version" "6.5.4"
    dependencies:
      "bn.js" "^4.11.9"
      "brorand" "^1.1.0"
      "hash.js" "^1.0.0"
      "hmac-drbg" "^1.0.1"
      "inherits" "^2.0.4"
      "minimalistic-assert" "^1.0.1"
      "minimalistic-crypto-utils" "^1.0.1"
  
  "ethers@^5.7.2":
    "integrity" "sha512-wswUsmWo1aOK8rR7DIKiWSw9DbLWe6x98Jrn8wcTflTVvaXhAMaB5zGAXy0GYQEQp9iO1iSHWVyARQm11zUtyg=="
    "resolved" "https://registry.npmjs.org/ethers/-/ethers-5.7.2.tgz"
    "version" "5.7.2"
    dependencies:
      "@ethersproject/abi" "5.7.0"
      "@ethersproject/abstract-provider" "5.7.0"
      "@ethersproject/abstract-signer" "5.7.0"
      "@ethersproject/address" "5.7.0"
      "@ethersproject/base64" "5.7.0"
      "@ethersproject/basex" "5.7.0"
      "@ethersproject/bignumber" "5.7.0"
      "@ethersproject/bytes" "5.7.0"
      "@ethersproject/constants" "5.7.0"
      "@ethersproject/contracts" "5.7.0"
      "@ethersproject/hash" "5.7.0"
      "@ethersproject/hdnode" "5.7.0"
      "@ethersproject/json-wallets" "5.7.0"
      "@ethersproject/keccak256" "5.7.0"
      "@ethersproject/logger" "5.7.0"
      "@ethersproject/networks" "5.7.1"
      "@ethersproject/pbkdf2" "5.7.0"
      "@ethersproject/properties" "5.7.0"
      "@ethersproject/providers" "5.7.2"
      "@ethersproject/random" "5.7.0"
      "@ethersproject/rlp" "5.7.0"
      "@ethersproject/sha2" "5.7.0"
      "@ethersproject/signing-key" "5.7.0"
      "@ethersproject/solidity" "5.7.0"
      "@ethersproject/strings" "5.7.0"
      "@ethersproject/transactions" "5.7.0"
      "@ethersproject/units" "5.7.0"
      "@ethersproject/wallet" "5.7.0"
      "@ethersproject/web" "5.7.1"
      "@ethersproject/wordlists" "5.7.0"
  
  "graphql-tag@^2.12.6":
    "integrity" "sha512-FdSNcu2QQcWnM2VNvSCCDCVS5PpPqpzgFT8+GXzqJuoDd0CBncxCY278u4mhRO7tMgo2JjgJA5aZ+nWSQ/Z+xg=="
    "resolved" "https://registry.npmjs.org/graphql-tag/-/graphql-tag-2.12.6.tgz"
    "version" "2.12.6"
    dependencies:
      "tslib" "^2.1.0"
  
  "graphql@^0.8.0 || ^0.9.0 || ^0.10.0 || ^0.11.0 || ^0.12.0 || ^0.13.0 || ^14.0.0 || ^15.0.0 || ^16.0.0", "graphql@^0.9.0 || ^0.10.0 || ^0.11.0 || ^0.12.0 || ^0.13.0 || ^14.0.0 || ^15.0.0 || ^16.0.0", "graphql@^14.0.0 || ^15.0.0 || ^16.0.0", "graphql@^16.6.0":
    "integrity" "sha512-KPIBPDlW7NxrbT/eh4qPXz5FiFdL5UbaA0XUNz2Rp3Z3hqBSkbj0GVjwFDztsWVauZUWsbKHgMg++sk8UX0bkw=="
    "resolved" "https://registry.npmjs.org/graphql/-/graphql-16.6.0.tgz"
    "version" "16.6.0"
  
  "hash.js@^1.0.0", "hash.js@^1.0.3", "hash.js@1.1.7":
    "integrity" "sha512-taOaskGt4z4SOANNseOviYDvjEJinIkRgmp7LbKP2YTTmVxWBl87s/uzK9r+44BclBSp2X7K1hqeNfz9JbBeXA=="
    "resolved" "https://registry.npmjs.org/hash.js/-/hash.js-1.1.7.tgz"
    "version" "1.1.7"
    dependencies:
      "inherits" "^2.0.3"
      "minimalistic-assert" "^1.0.1"
  
  "hmac-drbg@^1.0.1":
    "integrity" "sha512-Tti3gMqLdZfhOQY1Mzf/AanLiqh1WTiJgEj26ZuYQ9fbkLomzGchCws4FyrSd4VkpBfiNhaE1On+lOz894jvXg=="
    "resolved" "https://registry.npmjs.org/hmac-drbg/-/hmac-drbg-1.0.1.tgz"
    "version" "1.0.1"
    dependencies:
      "hash.js" "^1.0.3"
      "minimalistic-assert" "^1.0.0"
      "minimalistic-crypto-utils" "^1.0.1"
  
  "hoist-non-react-statics@^3.3.2":
    "integrity" "sha512-/gGivxi8JPKWNm/W0jSmzcMPpfpPLc3dY/6GxhX2hQ9iGj3aDfklV4ET7NjKpSinLpJ5vafa9iiGIEZg10SfBw=="
    "resolved" "https://registry.npmjs.org/hoist-non-react-statics/-/hoist-non-react-statics-3.3.2.tgz"
    "version" "3.3.2"
    dependencies:
      "react-is" "^16.7.0"
  
  "inherits@^2.0.3", "inherits@^2.0.4":
    "integrity" "sha512-k/vGaX4/Yla3WzyMCvTQOXYeIHvqOKtnqBduzTHpzpQZzAskKMhZ2K+EnBiSM9zGSoIFeMpXKxa4dYeZIQqewQ=="
    "resolved" "https://registry.npmjs.org/inherits/-/inherits-2.0.4.tgz"
    "version" "2.0.4"
  
  "js-sha3@0.8.0":
    "integrity" "sha512-gF1cRrHhIzNfToc802P800N8PpXS+evLLXfsVpowqmAFR9uwbi89WvXg2QspOmXL8QL86J4T1EpFu+yUkwJY3Q=="
    "resolved" "https://registry.npmjs.org/js-sha3/-/js-sha3-0.8.0.tgz"
    "version" "0.8.0"
  
  "js-tokens@^3.0.0 || ^4.0.0":
    "integrity" "sha512-RdJUflcE3cUzKiMqQgsCu06FPu9UdIJO0beYbPhHN4k6apgJtifcoCtT9bcxOpYBtpD2kCM6Sbzg4CausW/PKQ=="
    "resolved" "https://registry.npmjs.org/js-tokens/-/js-tokens-4.0.0.tgz"
    "version" "4.0.0"
  
  "loose-envify@^1.1.0", "loose-envify@^1.4.0":
    "integrity" "sha512-lyuxPGr/Wfhrlem2CL/UcnUc1zcqKAImBDzukY7Y5F/yQiNdko6+fRLevlw1HgMySw7f611UIY408EtxRSoK3Q=="
    "resolved" "https://registry.npmjs.org/loose-envify/-/loose-envify-1.4.0.tgz"
    "version" "1.4.0"
    dependencies:
      "js-tokens" "^3.0.0 || ^4.0.0"
  
  "minimalistic-assert@^1.0.0", "minimalistic-assert@^1.0.1":
    "integrity" "sha512-UtJcAD4yEaGtjPezWuO9wC4nwUnVH/8/Im3yEHQP4b67cXlD/Qr9hdITCU1xDbSEXg2XKNaP8jsReV7vQd00/A=="
    "resolved" "https://registry.npmjs.org/minimalistic-assert/-/minimalistic-assert-1.0.1.tgz"
    "version" "1.0.1"
  
  "minimalistic-crypto-utils@^1.0.1":
    "integrity" "sha512-JIYlbt6g8i5jKfJ3xz7rF0LXmv2TkDxBLUkiBeZ7bAx4GnnNMr8xFpGnOxn6GhTEHx3SjRrZEoU+j04prX1ktg=="
    "resolved" "https://registry.npmjs.org/minimalistic-crypto-utils/-/minimalistic-crypto-utils-1.0.1.tgz"
    "version" "1.0.1"
  
  "object-assign@^4.1.1":
    "integrity" "sha512-rJgTQnkUnH1sFw8yT6VSU3zD3sWmu6sZhIseY8VX+GRu3P6F7Fu+JNDoXfklElbLJSnc3FUQHVe4cU5hj+BcUg=="
    "resolved" "https://registry.npmjs.org/object-assign/-/object-assign-4.1.1.tgz"
    "version" "4.1.1"
  
  "optimism@^0.16.1":
    "integrity" "sha512-zWNbgWj+3vLEjZNIh/okkY2EUfX+vB9TJopzIZwT1xxaMqC5hRLLraePod4c5n4He08xuXNH+zhKFFCu390wiQ=="
    "resolved" "https://registry.npmjs.org/optimism/-/optimism-0.16.2.tgz"
    "version" "0.16.2"
    dependencies:
      "@wry/context" "^0.7.0"
      "@wry/trie" "^0.3.0"
  
  "prop-types@^15.7.2":
    "integrity" "sha512-oj87CgZICdulUohogVAR7AjlC0327U4el4L6eAvOqCeudMDVU0NThNaV+b9Df4dXgSP1gXMTnPdhfe/2qDH5cg=="
    "resolved" "https://registry.npmjs.org/prop-types/-/prop-types-15.8.1.tgz"
    "version" "15.8.1"
    dependencies:
      "loose-envify" "^1.4.0"
      "object-assign" "^4.1.1"
      "react-is" "^16.13.1"
  
  "react-is@^16.13.1", "react-is@^16.7.0":
    "integrity" "sha512-24e6ynE2H+OKt4kqsOvNd8kBpV65zoxbA4BVsEOB3ARVWQki/DHzaUoC5KuON/BiccDaCCTZBuOcfZs70kR8bQ=="
    "resolved" "https://registry.npmjs.org/react-is/-/react-is-16.13.1.tgz"
    "version" "16.13.1"
  
  "react@^16.8.0 || ^17.0.0 || ^18.0.0", "react@^18.2.0":
    "integrity" "sha512-/3IjMdb2L9QbBdWiW5e3P2/npwMBaU9mHCSCUzNln0ZCYbcfTsGbTJrU/kGemdH2IWmB2ioZ+zkxtmq6g09fGQ=="
    "resolved" "https://registry.npmjs.org/react/-/react-18.2.0.tgz"
    "version" "18.2.0"
    dependencies:
      "loose-envify" "^1.1.0"
  
  "response-iterator@^0.2.6":
    "integrity" "sha512-pVzEEzrsg23Sh053rmDUvLSkGXluZio0qu8VT6ukrYuvtjVfCbDZH9d6PGXb8HZfzdNZt8feXv/jvUzlhRgLnw=="
    "resolved" "https://registry.npmjs.org/response-iterator/-/response-iterator-0.2.6.tgz"
    "version" "0.2.6"
  
  "scrypt-js@3.0.1":
    "integrity" "sha512-cdwTTnqPu0Hyvf5in5asVdZocVDTNRmR7XEcJuIzMjJeSHybHl7vpB66AzwTaIg6CLSbtjcxc8fqcySfnTkccA=="
    "resolved" "https://registry.npmjs.org/scrypt-js/-/scrypt-js-3.0.1.tgz"
    "version" "3.0.1"
  
  "symbol-observable@^4.0.0":
    "integrity" "sha512-b19dMThMV4HVFynSAM1++gBHAbk2Tc/osgLIBZMKsyqh34jb2e8Os7T6ZW/Bt3pJFdBTd2JwAnAAEQV7rSNvcQ=="
    "resolved" "https://registry.npmjs.org/symbol-observable/-/symbol-observable-4.0.0.tgz"
    "version" "4.0.0"
  
  "ts-invariant@^0.10.3":
    "integrity" "sha512-uivwYcQaxAucv1CzRp2n/QdYPo4ILf9VXgH19zEIjFx2EJufV16P0JtJVpYHy89DItG6Kwj2oIUjrcK5au+4tQ=="
    "resolved" "https://registry.npmjs.org/ts-invariant/-/ts-invariant-0.10.3.tgz"
    "version" "0.10.3"
    dependencies:
      "tslib" "^2.1.0"
  
  "tslib@^2.1.0", "tslib@^2.3.0":
    "integrity" "sha512-336iVw3rtn2BUK7ORdIAHTyxHGRIHVReokCR3XjbckJMK7ms8FysBfhLR8IXnAgy7T0PTPNBWKiH514FOW/WSg=="
    "resolved" "https://registry.npmjs.org/tslib/-/tslib-2.5.0.tgz"
    "version" "2.5.0"
  
  "typescript@^4.9.5":
    "integrity" "sha512-1FXk9E2Hm+QzZQ7z+McJiHL4NW1F2EzMu9Nq9i3zAaGqibafqYwCVU6WyWAuyQRRzOlxou8xZSyXLEN8oKj24g=="
    "resolved" "https://registry.npmjs.org/typescript/-/typescript-4.9.5.tgz"
    "version" "4.9.5"
  
  "ws@7.4.6":
    "integrity" "sha512-YmhHDO4MzaDLB+M9ym/mDA5z0naX8j7SIlT8f8z+I0VtzsRbekxEutHSme7NPS2qE8StCYQNUnfWdXta/Yu85A=="
    "resolved" "https://registry.npmjs.org/ws/-/ws-7.4.6.tgz"
    "version" "7.4.6"
  
  "zen-observable-ts@^1.2.5":
    "integrity" "sha512-QZWQekv6iB72Naeake9hS1KxHlotfRpe+WGNbNx5/ta+R3DNjVO2bswf63gXlWDcs+EMd7XY8HfVQyP1X6T4Zg=="
    "resolved" "https://registry.npmjs.org/zen-observable-ts/-/zen-observable-ts-1.2.5.tgz"
    "version" "1.2.5"
    dependencies:
      "zen-observable" "0.8.15"
  
  "zen-observable@0.8.15":
    "integrity" "sha512-PQ2PC7R9rslx84ndNBZB/Dkv8V8fZEpk83RLgXtYd0fwUgEjseMn1Dgajh2x6S8QbZAFa9p2qVCEuYZNgve0dQ=="
    "resolved" "https://registry.npmjs.org/zen-observable/-/zen-observable-0.8.15.tgz"
    "version" "0.8.15"
